This is pdfTeX, Version 3.14159265-2.6-1.40.20 (MiKTeX 2.9.7200 64-bit) (preloaded format=pdflatex 2019.10.21)  17 JUL 2020 16:28
entering extended mode
**./nsf.tex
(nsf.tex
LaTeX2e <2019-10-01>
("C:\Users\–î–º–∏—Ç—Ä–∏–π–ê–ª–µ–∫—Å–∞–Ω–¥—Ä–æ–≤–∏—á\AppData\Local\Programs\MiKTeX 2.9\tex/latex/base\article.cls"
Document Class: article 2019/08/27 v1.4j Standard LaTeX document class
("C:\Users\–î–º–∏—Ç—Ä–∏–π–ê–ª–µ–∫—Å–∞–Ω–¥—Ä–æ–≤–∏—á\AppData\Local\Programs\MiKTeX 2.9\tex/latex/base\size11.clo"
File: size11.clo 2019/08/27 v1.4j Standard LaTeX file (size option)
)
\c@part=\count80
\c@section=\count81
\c@subsection=\count82
\c@subsubsection=\count83
\c@paragraph=\count84
\c@subparagraph=\count85
\c@figure=\count86
\c@table=\count87
\abovecaptionskip=\skip41
\belowcaptionskip=\skip42
\bibindent=\dimen102
)
("C:\Users\–î–º–∏—Ç—Ä–∏–π–ê–ª–µ–∫—Å–∞–Ω–¥—Ä–æ–≤–∏—á\AppData\Local\Programs\MiKTeX 2.9\tex/latex/braket\braket.sty")
("C:\Users\–î–º–∏—Ç—Ä–∏–π–ê–ª–µ–∫—Å–∞–Ω–¥—Ä–æ–≤–∏—á\AppData\Local\Programs\MiKTeX 2.9\tex/latex/amsmath\amsmath.sty"
Package: amsmath 2019/04/01 v2.17c AMS math features
\@mathmargin=\skip43

For additional information on amsmath, use the `?' option.
("C:\Users\–î–º–∏—Ç—Ä–∏–π–ê–ª–µ–∫—Å–∞–Ω–¥—Ä–æ–≤–∏—á\AppData\Local\Programs\MiKTeX 2.9\tex/latex/amsmath\amstext.sty"
Package: amstext 2000/06/29 v2.01 AMS text

("C:\Users\–î–º–∏—Ç—Ä–∏–π–ê–ª–µ–∫—Å–∞–Ω–¥—Ä–æ–≤–∏—á\AppData\Local\Programs\MiKTeX 2.9\tex/latex/amsmath\amsgen.sty"
File: amsgen.sty 1999/11/30 v2.0 generic functions
\@emptytoks=\toks14
\ex@=\dimen103
))
("C:\Users\–î–º–∏—Ç—Ä–∏–π–ê–ª–µ–∫—Å–∞–Ω–¥—Ä–æ–≤–∏—á\AppData\Local\Programs\MiKTeX 2.9\tex/latex/amsmath\amsbsy.sty"
Package: amsbsy 1999/11/29 v1.2d Bold Symbols
\pmbraise@=\dimen104
)
("C:\Users\–î–º–∏—Ç—Ä–∏–π–ê–ª–µ–∫—Å–∞–Ω–¥—Ä–æ–≤–∏—á\AppData\Local\Programs\MiKTeX 2.9\tex/latex/amsmath\amsopn.sty"
Package: amsopn 2016/03/08 v2.02 operator names
)
\inf@bad=\count88
LaTeX Info: Redefining \frac on input line 227.
\uproot@=\count89
\leftroot@=\count90
LaTeX Info: Redefining \overline on input line 389.
\classnum@=\count91
\DOTSCASE@=\count92
LaTeX Info: Redefining \ldots on input line 486.
LaTeX Info: Redefining \dots on input line 489.
LaTeX Info: Redefining \cdots on input line 610.
\Mathstrutbox@=\box27
\strutbox@=\box28
\big@size=\dimen105
LaTeX Font Info:    Redeclaring font encoding OML on input line 733.
LaTeX Font Info:    Redeclaring font encoding OMS on input line 734.
\macc@depth=\count93
\c@MaxMatrixCols=\count94
\dotsspace@=\muskip10
\c@parentequation=\count95
\dspbrk@lvl=\count96
\tag@help=\toks15
\row@=\count97
\column@=\count98
\maxfields@=\count99
\andhelp@=\toks16
\eqnshift@=\dimen106
\alignsep@=\dimen107
\tagshift@=\dimen108
\tagwidth@=\dimen109
\totwidth@=\dimen110
\lineht@=\dimen111
\@envbody=\toks17
\multlinegap=\skip44
\multlinetaggap=\skip45
\mathdisplay@stack=\toks18
LaTeX Info: Redefining \[ on input line 2855.
LaTeX Info: Redefining \] on input line 2856.
)
("C:\Users\–î–º–∏—Ç—Ä–∏–π–ê–ª–µ–∫—Å–∞–Ω–¥—Ä–æ–≤–∏—á\AppData\Local\Programs\MiKTeX 2.9\tex/latex/amsfonts\amsfonts.sty"
Package: amsfonts 2013/01/14 v3.01 Basic AMSFonts support
\symAMSa=\mathgroup4
\symAMSb=\mathgroup5
LaTeX Font Info:    Redeclaring math symbol \hbar on input line 98.
LaTeX Font Info:    Overwriting math alphabet `\mathfrak' in version `bold'
(Font)                  U/euf/m/n --> U/euf/b/n on input line 106.
)
("C:\Users\–î–º–∏—Ç—Ä–∏–π–ê–ª–µ–∫—Å–∞–Ω–¥—Ä–æ–≤–∏—á\AppData\Local\Programs\MiKTeX 2.9\tex/latex/amsfonts\amssymb.sty"
Package: amssymb 2013/01/14 v3.01 AMS font symbols
)
("C:\Users\–î–º–∏—Ç—Ä–∏–π–ê–ª–µ–∫—Å–∞–Ω–¥—Ä–æ–≤–∏—á\AppData\Local\Programs\MiKTeX 2.9\tex/latex/graphics\graphicx.sty"
Package: graphicx 2017/06/01 v1.1a Enhanced LaTeX Graphics (DPC,SPQR)

("C:\Users\–î–º–∏—Ç—Ä–∏–π–ê–ª–µ–∫—Å–∞–Ω–¥—Ä–æ–≤–∏—á\AppData\Local\Programs\MiKTeX 2.9\tex/latex/graphics\keyval.sty"
Package: keyval 2014/10/28 v1.15 key=value parser (DPC)
\KV@toks@=\toks19
)
("C:\Users\–î–º–∏—Ç—Ä–∏–π–ê–ª–µ–∫—Å–∞–Ω–¥—Ä–æ–≤–∏—á\AppData\Local\Programs\MiKTeX 2.9\tex/latex/graphics\graphics.sty"
Package: graphics 2019/07/20 v1.3b Standard LaTeX Graphics (DPC,SPQR)

("C:\Users\–î–º–∏—Ç—Ä–∏–π–ê–ª–µ–∫—Å–∞–Ω–¥—Ä–æ–≤–∏—á\AppData\Local\Programs\MiKTeX 2.9\tex/latex/graphics\trig.sty"
Package: trig 2016/01/03 v1.10 sin cos tan (DPC)
)
("C:\Users\–î–º–∏—Ç—Ä–∏–π–ê–ª–µ–∫—Å–∞–Ω–¥—Ä–æ–≤–∏—á\AppData\Local\Programs\MiKTeX 2.9\tex/latex/graphics-cfg\graphics.cf
g"
File: graphics.cfg 2016/06/04 v1.11 sample graphics configuration
)
Package graphics Info: Driver file: pdftex.def on input line 105.

("C:\Users\–î–º–∏—Ç—Ä–∏–π–ê–ª–µ–∫—Å–∞–Ω–¥—Ä–æ–≤–∏—á\AppData\Local\Programs\MiKTeX 2.9\tex/latex/graphics-def\pdftex.def"
File: pdftex.def 2018/01/08 v1.0l Graphics/color driver for pdftex
))
\Gin@req@height=\dimen112
\Gin@req@width=\dimen113
) ("C:\Users\–î–º–∏—Ç—Ä–∏–π–ê–ª–µ–∫—Å–∞–Ω–¥—Ä–æ–≤–∏—á\AppData\Local\Programs\MiKTeX 2.9\tex/latex/base\fontenc.sty"
Package: fontenc 2018/08/11 v2.0j Standard LaTeX package

("C:\Users\–î–º–∏—Ç—Ä–∏–π–ê–ª–µ–∫—Å–∞–Ω–¥—Ä–æ–≤–∏—á\AppData\Local\Programs\MiKTeX 2.9\tex/latex/cyrillic\t2aenc.def"
File: t2aenc.def 2005/09/27 v1.0i Cyrillic encoding definition file
Now handling font encoding T2A ...
... processing UTF-8 mapping file for font encoding T2A

("C:\Users\–î–º–∏—Ç—Ä–∏–π–ê–ª–µ–∫—Å–∞–Ω–¥—Ä–æ–≤–∏—á\AppData\Local\Programs\MiKTeX 2.9\tex/latex/base\t2aenc.dfu"
File: t2aenc.dfu 2019/07/11 v1.2j UTF-8 support for inputenc
   defining Unicode char U+00A4 (decimal 164)
   defining Unicode char U+00A7 (decimal 167)
   defining Unicode char U+00AB (decimal 171)
   defining Unicode char U+00BB (decimal 187)
   defining Unicode char U+0131 (decimal 305)
   defining Unicode char U+0237 (decimal 567)
   defining Unicode char U+0400 (decimal 1024)
   defining Unicode char U+0401 (decimal 1025)
   defining Unicode char U+0402 (decimal 1026)
   defining Unicode char U+0403 (decimal 1027)
   defining Unicode char U+0404 (decimal 1028)
   defining Unicode char U+0405 (decimal 1029)
   defining Unicode char U+0406 (decimal 1030)
   defining Unicode char U+0407 (decimal 1031)
   defining Unicode char U+0408 (decimal 1032)
   defining Unicode char U+0409 (decimal 1033)
   defining Unicode char U+040A (decimal 1034)
   defining Unicode char U+040B (decimal 1035)
   defining Unicode char U+040C (decimal 1036)
   defining Unicode char U+040D (decimal 1037)
   defining Unicode char U+040E (decimal 1038)
   defining Unicode char U+040F (decimal 1039)
   defining Unicode char U+0410 (decimal 1040)
   defining Unicode char U+0411 (decimal 1041)
   defining Unicode char U+0412 (decimal 1042)
   defining Unicode char U+0413 (decimal 1043)
   defining Unicode char U+0414 (decimal 1044)
   defining Unicode char U+0415 (decimal 1045)
   defining Unicode char U+0416 (decimal 1046)
   defining Unicode char U+0417 (decimal 1047)
   defining Unicode char U+0418 (decimal 1048)
   defining Unicode char U+0419 (decimal 1049)
   defining Unicode char U+041A (decimal 1050)
   defining Unicode char U+041B (decimal 1051)
   defining Unicode char U+041C (decimal 1052)
   defining Unicode char U+041D (decimal 1053)
   defining Unicode char U+041E (decimal 1054)
   defining Unicode char U+041F (decimal 1055)
   defining Unicode char U+0420 (decimal 1056)
   defining Unicode char U+0421 (decimal 1057)
   defining Unicode char U+0422 (decimal 1058)
   defining Unicode char U+0423 (decimal 1059)
   defining Unicode char U+0424 (decimal 1060)
   defining Unicode char U+0425 (decimal 1061)
   defining Unicode char U+0426 (decimal 1062)
   defining Unicode char U+0427 (decimal 1063)
   defining Unicode char U+0428 (decimal 1064)
   defining Unicode char U+0429 (decimal 1065)
   defining Unicode char U+042A (decimal 1066)
   defining Unicode char U+042B (decimal 1067)
   defining Unicode char U+042C (decimal 1068)
   defining Unicode char U+042D (decimal 1069)
   defining Unicode char U+042E (decimal 1070)
   defining Unicode char U+042F (decimal 1071)
   defining Unicode char U+0430 (decimal 1072)
   defining Unicode char U+0431 (decimal 1073)
   defining Unicode char U+0432 (decimal 1074)
   defining Unicode char U+0433 (decimal 1075)
   defining Unicode char U+0434 (decimal 1076)
   defining Unicode char U+0435 (decimal 1077)
   defining Unicode char U+0436 (decimal 1078)
   defining Unicode char U+0437 (decimal 1079)
   defining Unicode char U+0438 (decimal 1080)
   defining Unicode char U+0439 (decimal 1081)
   defining Unicode char U+043A (decimal 1082)
   defining Unicode char U+043B (decimal 1083)
   defining Unicode char U+043C (decimal 1084)
   defining Unicode char U+043D (decimal 1085)
   defining Unicode char U+043E (decimal 1086)
   defining Unicode char U+043F (decimal 1087)
   defining Unicode char U+0440 (decimal 1088)
   defining Unicode char U+0441 (decimal 1089)
   defining Unicode char U+0442 (decimal 1090)
   defining Unicode char U+0443 (decimal 1091)
   defining Unicode char U+0444 (decimal 1092)
   defining Unicode char U+0445 (decimal 1093)
   defining Unicode char U+0446 (decimal 1094)
   defining Unicode char U+0447 (decimal 1095)
   defining Unicode char U+0448 (decimal 1096)
   defining Unicode char U+0449 (decimal 1097)
   defining Unicode char U+044A (decimal 1098)
   defining Unicode char U+044B (decimal 1099)
   defining Unicode char U+044C (decimal 1100)
   defining Unicode char U+044D (decimal 1101)
   defining Unicode char U+044E (decimal 1102)
   defining Unicode char U+044F (decimal 1103)
   defining Unicode char U+0450 (decimal 1104)
   defining Unicode char U+0451 (decimal 1105)
   defining Unicode char U+0452 (decimal 1106)
   defining Unicode char U+0453 (decimal 1107)
   defining Unicode char U+0454 (decimal 1108)
   defining Unicode char U+0455 (decimal 1109)
   defining Unicode char U+0456 (decimal 1110)
   defining Unicode char U+0457 (decimal 1111)
   defining Unicode char U+0458 (decimal 1112)
   defining Unicode char U+0459 (decimal 1113)
   defining Unicode char U+045A (decimal 1114)
   defining Unicode char U+045B (decimal 1115)
   defining Unicode char U+045C (decimal 1116)
   defining Unicode char U+045D (decimal 1117)
   defining Unicode char U+045E (decimal 1118)
   defining Unicode char U+045F (decimal 1119)
   defining Unicode char U+0490 (decimal 1168)
   defining Unicode char U+0491 (decimal 1169)
   defining Unicode char U+0492 (decimal 1170)
   defining Unicode char U+0493 (decimal 1171)
   defining Unicode char U+0496 (decimal 1174)
   defining Unicode char U+0497 (decimal 1175)
   defining Unicode char U+0498 (decimal 1176)
   defining Unicode char U+0499 (decimal 1177)
   defining Unicode char U+049A (decimal 1178)
   defining Unicode char U+049B (decimal 1179)
   defining Unicode char U+049C (decimal 1180)
   defining Unicode char U+049D (decimal 1181)
   defining Unicode char U+04A0 (decimal 1184)
   defining Unicode char U+04A1 (decimal 1185)
   defining Unicode char U+04A2 (decimal 1186)
   defining Unicode char U+04A3 (decimal 1187)
   defining Unicode char U+04A4 (decimal 1188)
   defining Unicode char U+04A5 (decimal 1189)
   defining Unicode char U+04AA (decimal 1194)
   defining Unicode char U+04AB (decimal 1195)
   defining Unicode char U+04AE (decimal 1198)
   defining Unicode char U+04AF (decimal 1199)
   defining Unicode char U+04B0 (decimal 1200)
   defining Unicode char U+04B1 (decimal 1201)
   defining Unicode char U+04B2 (decimal 1202)
   defining Unicode char U+04B3 (decimal 1203)
   defining Unicode char U+04B6 (decimal 1206)
   defining Unicode char U+04B7 (decimal 1207)
   defining Unicode char U+04B8 (decimal 1208)
   defining Unicode char U+04B9 (decimal 1209)
   defining Unicode char U+04BA (decimal 1210)
   defining Unicode char U+04BB (decimal 1211)
   defining Unicode char U+04C0 (decimal 1216)
   defining Unicode char U+04C1 (decimal 1217)
   defining Unicode char U+04C2 (decimal 1218)
   defining Unicode char U+04D0 (decimal 1232)
   defining Unicode char U+04D1 (decimal 1233)
   defining Unicode char U+04D2 (decimal 1234)
   defining Unicode char U+04D3 (decimal 1235)
   defining Unicode char U+04D4 (decimal 1236)
   defining Unicode char U+04D5 (decimal 1237)
   defining Unicode char U+04D6 (decimal 1238)
   defining Unicode char U+04D7 (decimal 1239)
   defining Unicode char U+04D8 (decimal 1240)
   defining Unicode char U+04D9 (decimal 1241)
   defining Unicode char U+04DA (decimal 1242)
   defining Unicode char U+04DB (decimal 1243)
   defining Unicode char U+04DC (decimal 1244)
   defining Unicode char U+04DD (decimal 1245)
   defining Unicode char U+04DE (decimal 1246)
   defining Unicode char U+04DF (decimal 1247)
   defining Unicode char U+04E2 (decimal 1250)
   defining Unicode char U+04E3 (decimal 1251)
   defining Unicode char U+04E4 (decimal 1252)
   defining Unicode char U+04E5 (decimal 1253)
   defining Unicode char U+04E6 (decimal 1254)
   defining Unicode char U+04E7 (decimal 1255)
   defining Unicode char U+04E8 (decimal 1256)
   defining Unicode char U+04E9 (decimal 1257)
   defining Unicode char U+04EC (decimal 1260)
   defining Unicode char U+04ED (decimal 1261)
   defining Unicode char U+04EE (decimal 1262)
   defining Unicode char U+04EF (decimal 1263)
   defining Unicode char U+04F0 (decimal 1264)
   defining Unicode char U+04F1 (decimal 1265)
   defining Unicode char U+04F2 (decimal 1266)
   defining Unicode char U+04F3 (decimal 1267)
   defining Unicode char U+04F4 (decimal 1268)
   defining Unicode char U+04F5 (decimal 1269)
   defining Unicode char U+04F8 (decimal 1272)
   defining Unicode char U+04F9 (decimal 1273)
   defining Unicode char U+200C (decimal 8204)
   defining Unicode char U+2013 (decimal 8211)
   defining Unicode char U+2014 (decimal 8212)
   defining Unicode char U+2018 (decimal 8216)
   defining Unicode char U+2019 (decimal 8217)
   defining Unicode char U+201C (decimal 8220)
   defining Unicode char U+201D (decimal 8221)
   defining Unicode char U+201E (decimal 8222)
   defining Unicode char U+2030 (decimal 8240)
   defining Unicode char U+2031 (decimal 8241)
   defining Unicode char U+2116 (decimal 8470)
   defining Unicode char U+2329 (decimal 9001)
   defining Unicode char U+232A (decimal 9002)
   defining Unicode char U+2423 (decimal 9251)
   defining Unicode char U+27E8 (decimal 10216)
   defining Unicode char U+27E9 (decimal 10217)
   defining Unicode char U+FB00 (decimal 64256)
   defining Unicode char U+FB01 (decimal 64257)
   defining Unicode char U+FB02 (decimal 64258)
   defining Unicode char U+FB03 (decimal 64259)
   defining Unicode char U+FB04 (decimal 64260)
   defining Unicode char U+FB05 (decimal 64261)
   defining Unicode char U+FB06 (decimal 64262)
))
LaTeX Font Info:    Trying to load font information for T2A+cmr on input line 105.

("C:\Users\–î–º–∏—Ç—Ä–∏–π–ê–ª–µ–∫—Å–∞–Ω–¥—Ä–æ–≤–∏—á\AppData\Local\Programs\MiKTeX 2.9\tex/latex/cyrillic\t2acmr.fd"
File: t2acmr.fd 2001/08/11 v1.0a Computer Modern Cyrillic font definitions
))
("C:\Users\–î–º–∏—Ç—Ä–∏–π–ê–ª–µ–∫—Å–∞–Ω–¥—Ä–æ–≤–∏—á\AppData\Local\Programs\MiKTeX 2.9\tex/latex/base\inputenc.sty"
Package: inputenc 2018/08/11 v1.3c Input encoding file
\inpenc@prehook=\toks20
\inpenc@posthook=\toks21

("C:\Users\–î–º–∏—Ç—Ä–∏–π–ê–ª–µ–∫—Å–∞–Ω–¥—Ä–æ–≤–∏—á\AppData\Local\Programs\MiKTeX 2.9\tex/latex/cyrillic\cp1251.def"
File: cp1251.def 2014/10/28 v1.0d Input encoding file
))
(C:\Users\–î–º–∏—Ç—Ä–∏–π–ê–ª–µ–∫—Å–∞–Ω–¥—Ä–æ–≤–∏—á\AppData\Roaming\MiKTeX\2.9\tex/latex/showlabels\showlabels.sty
Package: showlabels 2015/12/08 v1.7

Package: `showlabels' v1.7 <2015/12/08>
with amsmath equation tags
\SL@labelposition=\count100
) ("C:\Users\–î–º–∏—Ç—Ä–∏–π–ê–ª–µ–∫—Å–∞–Ω–¥—Ä–æ–≤–∏—á\AppData\Local\Programs\MiKTeX 2.9\tex/latex/amscls\amsthm.sty"
Package: amsthm 2017/10/31 v2.20.4
\thm@style=\toks22
\thm@bodyfont=\toks23
\thm@headfont=\toks24
\thm@notefont=\toks25
\thm@headpunct=\toks26
\thm@preskip=\skip46
\thm@postskip=\skip47
\thm@headsep=\skip48
\dth@everypar=\toks27
)
("C:\Users\–î–º–∏—Ç—Ä–∏–π–ê–ª–µ–∫—Å–∞–Ω–¥—Ä–æ–≤–∏—á\AppData\Local\Programs\MiKTeX 2.9\tex/latex/hyperref\hyperref.sty"
Package: hyperref 2019/09/28 v7.00a Hypertext links for LaTeX

("C:\Users\–î–º–∏—Ç—Ä–∏–π–ê–ª–µ–∫—Å–∞–Ω–¥—Ä–æ–≤–∏—á\AppData\Local\Programs\MiKTeX 2.9\tex/generic/oberdiek\hobsub-hyperr
ef.sty"
Package: hobsub-hyperref 2016/05/16 v1.14 Bundle oberdiek, subset hyperref (HO)

("C:\Users\–î–º–∏—Ç—Ä–∏–π–ê–ª–µ–∫—Å–∞–Ω–¥—Ä–æ–≤–∏—á\AppData\Local\Programs\MiKTeX 2.9\tex/generic/oberdiek\hobsub-generi
c.sty"
Package: hobsub-generic 2016/05/16 v1.14 Bundle oberdiek, subset generic (HO)
Package: hobsub 2016/05/16 v1.14 Construct package bundles (HO)
Package: infwarerr 2016/05/16 v1.4 Providing info/warning/error messages (HO)
Package: ltxcmds 2016/05/16 v1.23 LaTeX kernel commands for general use (HO)
Package: ifluatex 2016/05/16 v1.4 Provides the ifluatex switch (HO)
Package ifluatex Info: LuaTeX not detected.
Package: ifvtex 2016/05/16 v1.6 Detect VTeX and its facilities (HO)
Package ifvtex Info: VTeX not detected.
Package: intcalc 2016/05/16 v1.2 Expandable calculations with integers (HO)
Package: ifpdf 2018/09/07 v3.3 Provides the ifpdf switch
Package: etexcmds 2016/05/16 v1.6 Avoid name clashes with e-TeX commands (HO)
Package: kvsetkeys 2016/05/16 v1.17 Key value parser (HO)
Package: kvdefinekeys 2016/05/16 v1.4 Define keys (HO)
Package: pdftexcmds 2019/07/25 v0.30 Utility functions of pdfTeX for LuaTeX (HO)
Package pdftexcmds Info: LuaTeX not detected.
Package pdftexcmds Info: \pdf@primitive is available.
Package pdftexcmds Info: \pdf@ifprimitive is available.
Package pdftexcmds Info: \pdfdraftmode found.
Package: pdfescape 2016/05/16 v1.14 Implements pdfTeX's escape features (HO)
Package: bigintcalc 2016/05/16 v1.4 Expandable calculations on big integers (HO)
Package: bitset 2016/05/16 v1.2 Handle bit-vector datatype (HO)
Package: uniquecounter 2016/05/16 v1.3 Provide unlimited unique counter (HO)
)
Package hobsub Info: Skipping package `hobsub' (already loaded).
Package: letltxmacro 2016/05/16 v1.5 Let assignment for LaTeX macros (HO)
Package: hopatch 2016/05/16 v1.3 Wrapper for package hooks (HO)
Package: xcolor-patch 2016/05/16 xcolor patch
Package: atveryend 2016/05/16 v1.9 Hooks at the very end of document (HO)
Package atveryend Info: \enddocument detected (standard20110627).
Package: atbegshi 2016/06/09 v1.18 At begin shipout hook (HO)
Package: refcount 2016/05/16 v3.5 Data extraction from label references (HO)
Package: hycolor 2016/05/16 v1.8 Color options for hyperref/bookmark (HO)
)
("C:\Users\–î–º–∏—Ç—Ä–∏–π–ê–ª–µ–∫—Å–∞–Ω–¥—Ä–æ–≤–∏—á\AppData\Local\Programs\MiKTeX 2.9\tex/generic/ifxetex\ifxetex.sty"
Package: ifxetex 2010/09/12 v0.6 Provides ifxetex conditional
)
("C:\Users\–î–º–∏—Ç—Ä–∏–π–ê–ª–µ–∫—Å–∞–Ω–¥—Ä–æ–≤–∏—á\AppData\Local\Programs\MiKTeX 2.9\tex/latex/oberdiek\auxhook.sty"
Package: auxhook 2016/05/16 v1.4 Hooks for auxiliary files (HO)
)
("C:\Users\–î–º–∏—Ç—Ä–∏–π–ê–ª–µ–∫—Å–∞–Ω–¥—Ä–æ–≤–∏—á\AppData\Local\Programs\MiKTeX 2.9\tex/latex/oberdiek\kvoptions.sty"
Package: kvoptions 2016/05/16 v3.12 Key value format for package options (HO)
)
\@linkdim=\dimen114
\Hy@linkcounter=\count101
\Hy@pagecounter=\count102
("C:\Users\–î–º–∏—Ç—Ä–∏–π–ê–ª–µ–∫—Å–∞–Ω–¥—Ä–æ–≤–∏—á\AppData\Local\Programs\MiKTeX 2.9\tex/latex/hyperref\pd1enc.def"
File: pd1enc.def 2019/09/28 v7.00a Hyperref: PDFDocEncoding definition (HO)
Now handling font encoding PD1 ...
... no UTF-8 mapping file for font encoding PD1
)
\Hy@SavedSpaceFactor=\count103

("C:\Users\–î–º–∏—Ç—Ä–∏–π–ê–ª–µ–∫—Å–∞–Ω–¥—Ä–æ–≤–∏—á\AppData\Local\Programs\MiKTeX 2.9\tex/latex/00miktex\hyperref.cfg"
File: hyperref.cfg 2002/06/06 v1.2 hyperref configuration of TeXLive
)
Package hyperref Info: Hyper figures OFF on input line 4540.
Package hyperref Info: Link nesting OFF on input line 4545.
Package hyperref Info: Hyper index ON on input line 4548.
Package hyperref Info: Plain pages OFF on input line 4555.
Package hyperref Info: Backreferencing OFF on input line 4560.
Package hyperref Info: Implicit mode ON; LaTeX internals redefined.
Package hyperref Info: Bookmarks ON on input line 4793.
\c@Hy@tempcnt=\count104

("C:\Program Files\MiKTeX 2.9\tex/latex\url\url.sty"
\Urlmuskip=\muskip11
Package: url 2013/09/16  ver 3.4  Verb mode for urls, etc.
)
LaTeX Info: Redefining \url on input line 5152.
\XeTeXLinkMargin=\dimen115
\Fld@menulength=\count105
\Field@Width=\dimen116
\Fld@charsize=\dimen117
Package hyperref Info: Hyper figures OFF on input line 6423.
Package hyperref Info: Link nesting OFF on input line 6428.
Package hyperref Info: Hyper index ON on input line 6431.
Package hyperref Info: backreferencing OFF on input line 6438.
Package hyperref Info: Link coloring OFF on input line 6443.
Package hyperref Info: Link coloring with OCG OFF on input line 6448.
Package hyperref Info: PDF/A mode OFF on input line 6453.
LaTeX Info: Redefining \ref on input line 6493.
LaTeX Info: Redefining \pageref on input line 6497.
\Hy@abspage=\count106
\c@Item=\count107
\c@Hfootnote=\count108
)
Package hyperref Info: Driver (autodetected): hpdftex.

("C:\Users\–î–º–∏—Ç—Ä–∏–π–ê–ª–µ–∫—Å–∞–Ω–¥—Ä–æ–≤–∏—á\AppData\Local\Programs\MiKTeX 2.9\tex/latex/hyperref\hpdftex.def"
File: hpdftex.def 2019/09/28 v7.00a Hyperref driver for pdfTeX
\Fld@listcount=\count109
\c@bookmark@seq@number=\count110

("C:\Users\–î–º–∏—Ç—Ä–∏–π–ê–ª–µ–∫—Å–∞–Ω–¥—Ä–æ–≤–∏—á\AppData\Local\Programs\MiKTeX 2.9\tex/latex/oberdiek\rerunfilecheck.
sty"
Package: rerunfilecheck 2016/05/16 v1.8 Rerun checks for auxiliary files (HO)
Package uniquecounter Info: New unique counter `rerunfilecheck' on input line 282.
)
\Hy@SectionHShift=\skip49
)
("C:\Users\–î–º–∏—Ç—Ä–∏–π–ê–ª–µ–∫—Å–∞–Ω–¥—Ä–æ–≤–∏—á\AppData\Local\Programs\MiKTeX 2.9\tex/latex/tools\enumerate.sty"
Package: enumerate 2015/07/23 v3.00 enumerate extensions (DPC)
\@enLab=\toks28
)
("C:\Users\–î–º–∏—Ç—Ä–∏–π–ê–ª–µ–∫—Å–∞–Ω–¥—Ä–æ–≤–∏—á\AppData\Local\Programs\MiKTeX 2.9\tex/generic/xypic\xy.sty"
("C:\Users\–î–º–∏—Ç—Ä–∏–π–ê–ª–µ–∫—Å–∞–Ω–¥—Ä–æ–≤–∏—á\AppData\Local\Programs\MiKTeX 2.9\tex/generic/xypic\xy.tex"
Bootstrap'ing: catcodes, docmode,
("C:\Users\–î–º–∏—Ç—Ä–∏–π–ê–ª–µ–∫—Å–∞–Ω–¥—Ä–æ–≤–∏—á\AppData\Local\Programs\MiKTeX 2.9\tex/generic/xypic\xyrecat.tex")
("C:\Users\–î–º–∏—Ç—Ä–∏–π–ê–ª–µ–∫—Å–∞–Ω–¥—Ä–æ–≤–∏—á\AppData\Local\Programs\MiKTeX 2.9\tex/generic/xypic\xyidioms.tex")

 Xy-pic version 3.8.9 <2013/10/06>
 Copyright (c) 1991-2013 by Kristoffer H. Rose <krisrose@tug.org> and others
 Xy-pic is free software: see the User's Guide for details.

Loading kernel: messages; fonts; allocations: state,
\X@c=\dimen118
\Y@c=\dimen119
\U@c=\dimen120
\D@c=\dimen121
\L@c=\dimen122
\R@c=\dimen123
\Edge@c=\toks29
\X@p=\dimen124
\Y@p=\dimen125
\U@p=\dimen126
\D@p=\dimen127
\L@p=\dimen128
\R@p=\dimen129
\Edge@p=\toks30
\X@origin=\dimen130
\Y@origin=\dimen131
\X@xbase=\dimen132
\Y@xbase=\dimen133
\X@ybase=\dimen134
\Y@ybase=\dimen135
\X@min=\dimen136
\Y@min=\dimen137
\X@max=\dimen138
\Y@max=\dimen139
\lastobjectbox@=\box29
\zerodotbox@=\box30
\almostz@=\dimen140
 direction,
\d@X=\dimen141
\d@Y=\dimen142
\K@=\count111
\KK@=\count112
\Direction=\count113
\K@dXdY=\dimen143
\K@dYdX=\dimen144
\xyread@=\read1
\xywrite@=\write3
\csp@=\count114
\quotPTK@=\dimen145
 utility macros; pictures: \xy, positions,
\swaptoks@@=\toks31
\connectobjectbox@@=\box31
 objects,
\styletoks@=\toks32

decorations; kernel objects: directionals, circles, text; options; algorithms: directions, edges, connections;
 Xy-pic loaded)
Package: xy 2013/10/06 Xy-pic version 3.8.9

("C:\Users\–î–º–∏—Ç—Ä–∏–π–ê–ª–µ–∫—Å–∞–Ω–¥—Ä–æ–≤–∏—á\AppData\Local\Programs\MiKTeX 2.9\tex/generic/xypic\xycmtip.tex"
 Xy-pic option: Computer Modern tip extension v.3.7
("C:\Users\–î–º–∏—Ç—Ä–∏–π–ê–ª–µ–∫—Å–∞–Ω–¥—Ä–æ–≤–∏—á\AppData\Local\Programs\MiKTeX 2.9\tex/generic/xypic\xytips.tex"
 Xy-pic option: More Tips extension v.3.11 loaded) loaded)
("C:\Users\–î–º–∏—Ç—Ä–∏–π–ê–ª–µ–∫—Å–∞–Ω–¥—Ä–æ–≤–∏—á\AppData\Local\Programs\MiKTeX 2.9\tex/generic/xypic\xyall.tex"
 Xy-pic option: All features v.3.8
("C:\Users\–î–º–∏—Ç—Ä–∏–π–ê–ª–µ–∫—Å–∞–Ω–¥—Ä–æ–≤–∏—á\AppData\Local\Programs\MiKTeX 2.9\tex/generic/xypic\xycurve.tex"
 Xy-pic option: Curve and Spline extension v.3.12 curve,
\crv@cnt@=\count115
\crvpts@=\toks33
\splinebox@=\box32
\splineval@=\dimen146
\splinedepth@=\dimen147
\splinetol@=\dimen148
\splinelength@=\dimen149
 circles,
\L@=\dimen150
 loaded)
("C:\Users\–î–º–∏—Ç—Ä–∏–π–ê–ª–µ–∫—Å–∞–Ω–¥—Ä–æ–≤–∏—á\AppData\Local\Programs\MiKTeX 2.9\tex/generic/xypic\xyframe.tex"
 Xy-pic option: Frame and Bracket extension v.3.14 loaded)
("C:\Users\–î–º–∏—Ç—Ä–∏–π–ê–ª–µ–∫—Å–∞–Ω–¥—Ä–æ–≤–∏—á\AppData\Local\Programs\MiKTeX 2.9\tex/generic/xypic\xyline.tex"
 Xy-pic option: Line styles extension v.3.10
\xylinethick@=\dimen151
 loaded)
("C:\Users\–î–º–∏—Ç—Ä–∏–π–ê–ª–µ–∫—Å–∞–Ω–¥—Ä–æ–≤–∏—á\AppData\Local\Programs\MiKTeX 2.9\tex/generic/xypic\xyrotate.tex"
 Xy-pic option: Rotate and Scale extension v.3.8 loaded)
("C:\Users\–î–º–∏—Ç—Ä–∏–π–ê–ª–µ–∫—Å–∞–Ω–¥—Ä–æ–≤–∏—á\AppData\Local\Programs\MiKTeX 2.9\tex/generic/xypic\xycolor.tex"
 Xy-pic option: Colour extension v.3.11 loaded)
("C:\Users\–î–º–∏—Ç—Ä–∏–π–ê–ª–µ–∫—Å–∞–Ω–¥—Ä–æ–≤–∏—á\AppData\Local\Programs\MiKTeX 2.9\tex/generic/xypic\xymatrix.tex"
 Xy-pic option: Matrix feature v.3.14
\Row=\count116
\Col=\count117
\queue@=\toks34
\queue@@=\toks35
\qcount@=\count118
\qcount@@=\count119
\matrixsize@=\count120
 loaded)
("C:\Users\–î–º–∏—Ç—Ä–∏–π–ê–ª–µ–∫—Å–∞–Ω–¥—Ä–æ–≤–∏—á\AppData\Local\Programs\MiKTeX 2.9\tex/generic/xypic\xyarrow.tex"
 Xy-pic option: Arrow and Path feature v.3.9 path, \ar, loaded)
("C:\Users\–î–º–∏—Ç—Ä–∏–π–ê–ª–µ–∫—Å–∞–Ω–¥—Ä–æ–≤–∏—á\AppData\Local\Programs\MiKTeX 2.9\tex/generic/xypic\xygraph.tex"
 Xy-pic option: Graph feature v.3.11 loaded) loaded)
("C:\Users\–î–º–∏—Ç—Ä–∏–π–ê–ª–µ–∫—Å–∞–Ω–¥—Ä–æ–≤–∏—á\AppData\Local\Programs\MiKTeX 2.9\tex/generic/xypic\xypdf.tex"
 Xy-pic option: PDF driver v.1.7 Xy-pic pdf driver: `color' extension support
("C:\Users\–î–º–∏—Ç—Ä–∏–π–ê–ª–µ–∫—Å–∞–Ω–¥—Ä–æ–≤–∏—á\AppData\Local\Programs\MiKTeX 2.9\tex/generic/xypic\xypdf-co.tex"
loaded) Xy-pic pdf driver: `curve' extension support
("C:\Users\–î–º–∏—Ç—Ä–∏–π–ê–ª–µ–∫—Å–∞–Ω–¥—Ä–æ–≤–∏—á\AppData\Local\Programs\MiKTeX 2.9\tex/generic/xypic\xypdf-cu.tex"
loaded) Xy-pic pdf driver: `frame' extension support
("C:\Users\–î–º–∏—Ç—Ä–∏–π–ê–ª–µ–∫—Å–∞–Ω–¥—Ä–æ–≤–∏—á\AppData\Local\Programs\MiKTeX 2.9\tex/generic/xypic\xypdf-fr.tex"
loaded) Xy-pic pdf driver: `line' extension support
("C:\Users\–î–º–∏—Ç—Ä–∏–π–ê–ª–µ–∫—Å–∞–Ω–¥—Ä–æ–≤–∏—á\AppData\Local\Programs\MiKTeX 2.9\tex/generic/xypic\xypdf-li.tex"
loaded) Xy-pic pdf driver: `rotate' extension support
("C:\Users\–î–º–∏—Ç—Ä–∏–π–ê–ª–µ–∫—Å–∞–Ω–¥—Ä–æ–≤–∏—á\AppData\Local\Programs\MiKTeX 2.9\tex/generic/xypic\xypdf-ro.tex"
loaded) loaded))
\c@myth=\count121
\c@theorem=\count122
\c@example=\count123
\c@myexample=\count124
\c@corollary=\count125
\c@mycor=\count126
\c@definition=\count127
\c@cntex=\count128
\c@lemma=\count129
\c@problem=\count130
\c@proposition=\count131
\c@corp=\count132
\c@remark=\count133
\c@quest=\count134
\c@exercise=\count135
\c@fur=\count136
\c@ths=\count137
 (nsf.aux)
\openout1 = `nsf.aux'.

LaTeX Font Info:    Checking defaults for OML/cmm/m/it on input line 135.
LaTeX Font Info:    ... okay on input line 135.
LaTeX Font Info:    Checking defaults for T1/cmr/m/n on input line 135.
LaTeX Font Info:    ... okay on input line 135.
LaTeX Font Info:    Checking defaults for OT1/cmr/m/n on input line 135.
LaTeX Font Info:    ... okay on input line 135.
LaTeX Font Info:    Checking defaults for OMS/cmsy/m/n on input line 135.
LaTeX Font Info:    ... okay on input line 135.
LaTeX Font Info:    Checking defaults for OMX/cmex/m/n on input line 135.
LaTeX Font Info:    ... okay on input line 135.
LaTeX Font Info:    Checking defaults for U/cmr/m/n on input line 135.
LaTeX Font Info:    ... okay on input line 135.
LaTeX Font Info:    Checking defaults for T2A/cmr/m/n on input line 135.
LaTeX Font Info:    ... okay on input line 135.
LaTeX Font Info:    Checking defaults for PD1/pdf/m/n on input line 135.
LaTeX Font Info:    ... okay on input line 135.
 ("C:\Program Files\MiKTeX 2.9\tex\context\base\supp-pdf.mkii"
[Loading MPS to PDF converter (version 2006.09.02).]
\scratchcounter=\count138
\scratchdimen=\dimen152
\scratchbox=\box33
\nofMPsegments=\count139
\nofMParguments=\count140
\everyMPshowfont=\toks36
\MPscratchCnt=\count141
\MPscratchDim=\dimen153
\MPnumerator=\count142
\makeMPintoPDFobject=\count143
\everyMPtoPDFconversion=\toks37
)
("C:\Users\–î–º–∏—Ç—Ä–∏–π–ê–ª–µ–∫—Å–∞–Ω–¥—Ä–æ–≤–∏—á\AppData\Local\Programs\MiKTeX 2.9\tex/latex/oberdiek\epstopdf-base.s
ty"
Package: epstopdf-base 2016/05/15 v2.6 Base part for package epstopdf
 ("C:\Users\–î–º–∏—Ç—Ä–∏–π–ê–ª–µ–∫—Å–∞–Ω–¥—Ä–æ–≤–∏—á\AppData\Local\Programs\MiKTeX 2.9\tex/latex/oberdiek\grfext.sty"
Package: grfext 2016/05/16 v1.2 Manage graphics extensions (HO)
)
Package epstopdf-base Info: Redefining graphics rule for `.eps' on input line 438.
Package grfext Info: Graphics extension search list:
(grfext)             [.pdf,.png,.jpg,.mps,.jpeg,.jbig2,.jb2,.PDF,.PNG,.JPG,.JPEG,.JBIG2,.JB2,.eps]
(grfext)             \AppendGraphicsExtensions on input line 456.
)
\AtBeginShipoutBox=\box34
Package hyperref Info: Link coloring OFF on input line 135.
 ("C:\Users\–î–º–∏—Ç—Ä–∏–π–ê–ª–µ–∫—Å–∞–Ω–¥—Ä–æ–≤–∏—á\AppData\Local\Programs\MiKTeX 2.9\tex/latex/hyperref\nameref.sty"
Package: nameref 2019/09/16 v2.46 Cross-referencing by name of section

("C:\Users\–î–º–∏—Ç—Ä–∏–π–ê–ª–µ–∫—Å–∞–Ω–¥—Ä–æ–≤–∏—á\AppData\Local\Programs\MiKTeX 2.9\tex/generic/oberdiek\gettitlestrin
g.sty"
Package: gettitlestring 2016/05/16 v1.5 Cleanup title references (HO)
)
\c@section@level=\count144
)
LaTeX Info: Redefining \ref on input line 135.
LaTeX Info: Redefining \pageref on input line 135.
LaTeX Info: Redefining \nameref on input line 135.
 (nsf.out) (nsf.out)
\@outlinefile=\write4
\openout4 = `nsf.out'.

LaTeX Font Info:    Trying to load font information for U+msa on input line 135.

("C:\Users\–î–º–∏—Ç—Ä–∏–π–ê–ª–µ–∫—Å–∞–Ω–¥—Ä–æ–≤–∏—á\AppData\Local\Programs\MiKTeX 2.9\tex/latex/amsfonts\umsa.fd"
File: umsa.fd 2013/01/14 v3.01 AMS symbols A
)
LaTeX Font Info:    Trying to load font information for U+msb on input line 135.

("C:\Users\–î–º–∏—Ç—Ä–∏–π–ê–ª–µ–∫—Å–∞–Ω–¥—Ä–æ–≤–∏—á\AppData\Local\Programs\MiKTeX 2.9\tex/latex/amsfonts\umsb.fd"
File: umsb.fd 2013/01/14 v3.01 AMS symbols B
)
Package xypdf Info: Line width: 0.43799pt on input line 135.

(nsf.toc [1

{C:/Users/–î–º–∏—Ç—Ä–∏–π–ê–ª–µ–∫—Å–∞–Ω–¥—Ä–æ–≤–∏—á/AppData/Local/MiKTeX/2.9/pdftex/config/pdftex.map}])
\tf@toc=\write5
\openout5 = `nsf.toc'.


(principles.tex [2]
LaTeX Font Info:    Trying to load font information for U+euf on input line 27.

("C:\Users\–î–º–∏—Ç—Ä–∏–π–ê–ª–µ–∫—Å–∞–Ω–¥—Ä–æ–≤–∏—á\AppData\Local\Programs\MiKTeX 2.9\tex/latex/amsfonts\ueuf.fd"
File: ueuf.fd 2013/01/14 v3.01 Euler Fraktur
)
[3] [4] <xymatrix 5x4 328> [5] [6]) (main_stage.tex [7] [8]

Package hyperref Warning: Token not allowed in a PDF string (PDFDocEncoding):
(hyperref)                removing `math shift' on input line 66.


Package hyperref Warning: Token not allowed in a PDF string (PDFDocEncoding):
(hyperref)                removing `superscript' on input line 66.


Package hyperref Warning: Token not allowed in a PDF string (PDFDocEncoding):
(hyperref)                removing `math shift' on input line 66.

[9]) (Ising_model.tex [10] <xymatrix 3x3 202> <xymatrix 7x3 619> [11]) (gff.tex) (on_model.tex

Package hyperref Warning: Token not allowed in a PDF string (PDFDocEncoding):
(hyperref)                removing `math shift' on input line 1.


Package hyperref Warning: Token not allowed in a PDF string (PDFDocEncoding):
(hyperref)                removing `math shift' on input line 1.

[12]) (qed.tex [13] [14] [15] [16]
Overfull \hbox (10.60846pt too wide) in paragraph at lines 201--202
\T2A/cmr/bx/n/10.95 Statement. \T2A/cmr/m/n/10.95 Con-sider the al-ge-bras $\OMS/cmsy/m/n/10.95 U[]$ \T2A/cmr/m/n/10.95 
spanned by $\OML/cmm/m/it/10.95 c[]; [] ; c[]$\T2A/cmr/m/n/10.95 . Their di-rect limit $\OMS/cmsy/m/n/10.95 U[] \OT1/cmr
/m/n/10.95 = [][] \OMS/cmsy/m/n/10.95 U[]$
 []

[17] [18]

Package hyperref Warning: Token not allowed in a PDF string (PDFDocEncoding):
(hyperref)                removing `math shift' on input line 290.


Package hyperref Warning: Token not allowed in a PDF string (PDFDocEncoding):
(hyperref)                removing `\begingroup' on input line 290.


Package hyperref Warning: Token not allowed in a PDF string (PDFDocEncoding):
(hyperref)                removing `\endgroup' on input line 290.


Package hyperref Warning: Token not allowed in a PDF string (PDFDocEncoding):
(hyperref)                removing `\@@over' on input line 290.


Package hyperref Warning: Token not allowed in a PDF string (PDFDocEncoding):
(hyperref)                removing `math shift' on input line 290.

[19]) (qed2.tex
LaTeX Font Info:    Trying to load font information for T2A+cmtt on input line 23.

("C:\Users\–î–º–∏—Ç—Ä–∏–π–ê–ª–µ–∫—Å–∞–Ω–¥—Ä–æ–≤–∏—á\AppData\Local\Programs\MiKTeX 2.9\tex/latex/cyrillic\t2acmtt.fd"
File: t2acmtt.fd 2001/08/11 v1.0a Computer Modern Cyrillic font definitions
)
<xymatrix 5x1 186> [20] [21]
Overfull \hbox (4.54924pt too wide) in paragraph at lines 151--152
\T2A/cmr/m/n/10.95 is di-ag-o-nal it-self and its ker-nel is spanned by some of the ba-sic kets. If $\OMS/cmsy/m/n/10.95
 j\OML/cmm/m/it/10.95 n[] n[]  []  n[] b[] b[]  []  b[]\OMS/cmsy/m/n/10.95 i$
 []

[22] <xymatrix 5x1 186> <xymatrix 5x1 186>

Package hyperref Warning: Token not allowed in a PDF string (PDFDocEncoding):
(hyperref)                removing `math shift' on input line 221.


Package hyperref Warning: Token not allowed in a PDF string (PDFDocEncoding):
(hyperref)                removing `\gg' on input line 221.


Package hyperref Warning: Token not allowed in a PDF string (PDFDocEncoding):
(hyperref)                removing `math shift' on input line 221.

[23] <xymatrix 5x1 186> [24]
Overfull \hbox (15.78459pt too wide) in paragraph at lines 308--309
\T2A/cmr/bx/n/10.95 Statement. \T2A/cmr/m/n/10.95 Let $\OML/cmm/m/it/10.95 A[] \OT1/cmr/m/n/10.95 := \OML/cmm/m/it/10.95
  []U[] []$\T2A/cmr/m/n/10.95 . Fix the states $[][]\OML/cmm/m/it/10.95 ; [] ; []; []; [] ; [][]; [][]; [][]; [] ; []; [
] ; [][]$
 []

) (qedAdditional.tex [25] [26] [27]
Overfull \hbox (23.50166pt too wide) in paragraph at lines 112--123
\T2A/cmr/m/n/10.95 Let me de-fine an-other op-er-a-tor called $\OML/cmm/m/it/10.95 U[]\OMS/cmsy/m/n/10.95 j\OML/cmm/m/it
/10.95 k\OMS/cmsy/m/n/10.95 i \OT1/cmr/m/n/10.95 = []$ \T2A/cmr/m/n/10.95 and I also de-fine $\OML/cmm/m/it/10.95 U[]\OM
S/cmsy/m/n/10.95 j\OML/cmm/m/it/10.95 k\OMS/cmsy/m/n/10.95 i \OT1/cmr/m/n/10.95 = []$\T2A/cmr/m/n/10.95 ,
 []

[28]) (quest.tex) (appendix.tex [29]

Package hyperref Warning: Token not allowed in a PDF string (PDFDocEncoding):
(hyperref)                removing `math shift' on input line 2.


Package hyperref Warning: Token not allowed in a PDF string (PDFDocEncoding):
(hyperref)                removing `superscript' on input line 2.


Package hyperref Warning: Token not allowed in a PDF string (PDFDocEncoding):
(hyperref)                removing `math shift' on input line 2.

[30] [31] [32] [33]) [34]
Package atveryend Info: Empty hook `BeforeClearDocument' on input line 167.
 [35]
Package atveryend Info: Empty hook `AfterLastShipout' on input line 167.
 (nsf.aux)
Package atveryend Info: Executing hook `AtVeryEndDocument' on input line 167.
Package atveryend Info: Executing hook `AtEndAfterFileList' on input line 167.
Package rerunfilecheck Info: File `nsf.out' has not changed.
(rerunfilecheck)             Checksum: 74405C55CA5BAA24EEA4C4EAE8B1199C;4931.
Package atveryend Info: Empty hook `AtVeryVeryEnd' on input line 167.
 ) 
Here is how much of TeX's memory you used:
 10314 strings out of 492430
 143343 string characters out of 3102276
 282000 words of memory out of 3000000
 14271 multiletter control sequences out of 15000+200000
 29985 words of font info for 91 fonts, out of 3000000 for 9000
 1141 hyphenation exceptions out of 8191
 31i,16n,33p,3216b,480s stack positions out of 5000i,500n,10000p,200000b,50000s
 <C:\Users\–î–º–∏—Ç—Ä–∏–π–ê–ª–µ–∫—Å–∞–Ω–¥—Ä–æ–≤–∏—á\AppData\Local\MiKTeX\2.9\fonts/pk/ljfour/lh/lh-t2a/dpi600\latt1000
.pk> <C:\Users\–î–º–∏—Ç—Ä–∏–π–ê–ª–µ–∫—Å–∞–Ω–¥—Ä–æ–≤–∏—á\AppData\Local\MiKTeX\2.9\fonts/pk/ljfour/lh/lh-t2a/dpi600\lati08
00.pk> <C:\Users\–î–º–∏—Ç—Ä–∏–π–ê–ª–µ–∫—Å–∞–Ω–¥—Ä–æ–≤–∏—á\AppData\Local\MiKTeX\2.9\fonts/pk/ljfour/lh/lh-t2a/dpi600\larm
0900.pk> <C:\Users\–î–º–∏—Ç—Ä–∏–π–ê–ª–µ–∫—Å–∞–Ω–¥—Ä–æ–≤–∏—á\AppData\Local\MiKTeX\2.9\fonts/pk/ljfour/lh/lh-t2a/dpi600\la
rm0600.pk> <C:\Users\–î–º–∏—Ç—Ä–∏–π–ê–ª–µ–∫—Å–∞–Ω–¥—Ä–æ–≤–∏—á\AppData\Local\MiKTeX\2.9\fonts/pk/ljfour/lh/lh-t2a/dpi600\
larm0800.pk> <C:\Users\–î–º–∏—Ç—Ä–∏–π–ê–ª–µ–∫—Å–∞–Ω–¥—Ä–æ–≤–∏—á\AppData\Local\MiKTeX\2.9\fonts/pk/ljfour/lh/lh-t2a/dpi60
0\lati1095.pk> <C:\Users\–î–º–∏—Ç—Ä–∏–π–ê–ª–µ–∫—Å–∞–Ω–¥—Ä–æ–≤–∏—á\AppData\Local\MiKTeX\2.9\fonts/pk/ljfour/lh/lh-t2a/dpi
600\labx1200.pk> <C:\Users\–î–º–∏—Ç—Ä–∏–π–ê–ª–µ–∫—Å–∞–Ω–¥—Ä–æ–≤–∏—á\AppData\Local\MiKTeX\2.9\fonts/pk/ljfour/lh/lh-t2a/d
pi600\larm1095.pk> <C:\Users\–î–º–∏—Ç—Ä–∏–π–ê–ª–µ–∫—Å–∞–Ω–¥—Ä–æ–≤–∏—á\AppData\Local\MiKTeX\2.9\fonts/pk/ljfour/lh/lh-t2a
/dpi600\labx1095.pk> <C:\Users\–î–º–∏—Ç—Ä–∏–π–ê–ª–µ–∫—Å–∞–Ω–¥—Ä–æ–≤–∏—á\AppData\Local\MiKTeX\2.9\fonts/pk/ljfour/lh/lh-t
2a/dpi600\labx1440.pk><C:/Users/–î–º–∏—Ç—Ä–∏–π–ê–ª–µ–∫—Å–∞–Ω–¥—Ä–æ–≤–∏—á/AppData/Local/Programs/MiKTeX 2.9/fonts/type1/p
ublic/amsfonts/cm/cmex10.pfb><C:/Users/–î–º–∏—Ç—Ä–∏–π–ê–ª–µ–∫—Å–∞–Ω–¥—Ä–æ–≤–∏—á/AppData/Local/Programs/MiKTeX 2.9/fonts/
type1/public/amsfonts/cmextra/cmex8.pfb><C:/Users/–î–º–∏—Ç—Ä–∏–π–ê–ª–µ–∫—Å–∞–Ω–¥—Ä–æ–≤–∏—á/AppData/Local/Programs/MiKTeX
 2.9/fonts/type1/public/amsfonts/cmextra/cmex9.pfb><C:/Users/–î–º–∏—Ç—Ä–∏–π–ê–ª–µ–∫—Å–∞–Ω–¥—Ä–æ–≤–∏—á/AppData/Local/Prog
rams/MiKTeX 2.9/fonts/type1/public/amsfonts/cm/cmmi10.pfb><C:/Users/–î–º–∏—Ç—Ä–∏–π–ê–ª–µ–∫—Å–∞–Ω–¥—Ä–æ–≤–∏—á/AppData/Loc
al/Programs/MiKTeX 2.9/fonts/type1/public/amsfonts/cm/cmmi12.pfb><C:/Users/–î–º–∏—Ç—Ä–∏–π–ê–ª–µ–∫—Å–∞–Ω–¥—Ä–æ–≤–∏—á/AppD
ata/Local/Programs/MiKTeX 2.9/fonts/type1/public/amsfonts/cm/cmmi6.pfb><C:/Users/–î–º–∏—Ç—Ä–∏–π–ê–ª–µ–∫—Å–∞–Ω–¥—Ä–æ–≤–∏—
á/AppData/Local/Programs/MiKTeX 2.9/fonts/type1/public/amsfonts/cm/cmmi8.pfb><C:/Users/–î–º–∏—Ç—Ä–∏–π–ê–ª–µ–∫—Å–∞–Ω–¥—Ä–
æ–≤–∏—á/AppData/Local/Programs/MiKTeX 2.9/fonts/type1/public/amsfonts/cm/cmmi9.pfb><C:/Users/–î–º–∏—Ç—Ä–∏–π–ê–ª–µ–∫—Å–∞–
Ω–¥—Ä–æ–≤–∏—á/AppData/Local/Programs/MiKTeX 2.9/fonts/type1/public/amsfonts/cm/cmr10.pfb><C:/Users/–î–º–∏—Ç—Ä–∏–π–ê–ª–µ–
∫—Å–∞–Ω–¥—Ä–æ–≤–∏—á/AppData/Local/Programs/MiKTeX 2.9/fonts/type1/public/amsfonts/cm/cmr12.pfb><C:/Users/–î–º–∏—Ç—Ä–∏–π–
ê–ª–µ–∫—Å–∞–Ω–¥—Ä–æ–≤–∏—á/AppData/Local/Programs/MiKTeX 2.9/fonts/type1/public/amsfonts/cm/cmr6.pfb><C:/Users/–î–º–∏—Ç—Ä
–∏–π–ê–ª–µ–∫—Å–∞–Ω–¥—Ä–æ–≤–∏—á/AppData/Local/Programs/MiKTeX 2.9/fonts/type1/public/amsfonts/cm/cmr8.pfb><C:/Users/–î–º–
∏—Ç—Ä–∏–π–ê–ª–µ–∫—Å–∞–Ω–¥—Ä–æ–≤–∏—á/AppData/Local/Programs/MiKTeX 2.9/fonts/type1/public/amsfonts/cm/cmr9.pfb><C:/Users/
–î–º–∏—Ç—Ä–∏–π–ê–ª–µ–∫—Å–∞–Ω–¥—Ä–æ–≤–∏—á/AppData/Local/Programs/MiKTeX 2.9/fonts/type1/public/amsfonts/cm/cmsy10.pfb><C:
/Users/–î–º–∏—Ç—Ä–∏–π–ê–ª–µ–∫—Å–∞–Ω–¥—Ä–æ–≤–∏—á/AppData/Local/Programs/MiKTeX 2.9/fonts/type1/public/amsfonts/cm/cmsy6.p
fb><C:/Users/–î–º–∏—Ç—Ä–∏–π–ê–ª–µ–∫—Å–∞–Ω–¥—Ä–æ–≤–∏—á/AppData/Local/Programs/MiKTeX 2.9/fonts/type1/public/amsfonts/cm/c
msy8.pfb><C:/Users/–î–º–∏—Ç—Ä–∏–π–ê–ª–µ–∫—Å–∞–Ω–¥—Ä–æ–≤–∏—á/AppData/Local/Programs/MiKTeX 2.9/fonts/type1/public/amsfont
s/cm/cmsy9.pfb><C:/Users/–î–º–∏—Ç—Ä–∏–π–ê–ª–µ–∫—Å–∞–Ω–¥—Ä–æ–≤–∏—á/AppData/Local/Programs/MiKTeX 2.9/fonts/type1/public/a
msfonts/euler/eufm10.pfb><C:/Users/–î–º–∏—Ç—Ä–∏–π–ê–ª–µ–∫—Å–∞–Ω–¥—Ä–æ–≤–∏—á/AppData/Local/Programs/MiKTeX 2.9/fonts/type
1/public/amsfonts/symbols/msbm10.pfb><C:/Users/–î–º–∏—Ç—Ä–∏–π–ê–ª–µ–∫—Å–∞–Ω–¥—Ä–æ–≤–∏—á/AppData/Local/Programs/MiKTeX 2.
9/fonts/type1/public/xypic/xycmat10.pfb><C:/Users/–î–º–∏—Ç—Ä–∏–π–ê–ª–µ–∫—Å–∞–Ω–¥—Ä–æ–≤–∏—á/AppData/Local/Programs/MiKTeX
 2.9/fonts/type1/public/xypic/xycmbt10.pfb>
Output written on nsf.pdf (35 pages, 588725 bytes).
PDF statistics:
 1266 PDF objects out of 1440 (max. 8388607)
 211 named destinations out of 1000 (max. 500000)
 537 words of extra memory for PDF output out of 10000 (max. 10000000)

